<?xml version="1.0" encoding="UTF-8"?>
<testsuites>
	<testsuite tests="1" failures="0" time="0.006" name="_/Users/runbld/elastic/src/runbld/test/repo/go/no-errors">
		<properties>
			<property name="go.version" value="go1.8.1"></property>
		</properties>
		<testcase classname="no-errors" name="TestHell" time="0.000"></testcase>
	</testsuite>
</testsuites>
