<?xml version="1.0" encoding="UTF-8"?>
<testsuites>
	<testsuite tests="1" failures="1" time="0.007" name="_/Users/runbld/elastic/src/runbld/test/repo/go/some-errors">
		<properties>
			<property name="go.version" value="go1.8.1"></property>
		</properties>
		<testcase classname="some-errors" name="TestHello" time="0.000">
			<failure message="Failed" type="">hello_test.go:6: Test failed!</failure>
		</testcase>
	</testsuite>
</testsuites>
