<?xml version="1.0" encoding="UTF-8"?><testsuite name="nosetests" tests="1" errors="0" failures="0" skip="0"><testcase classname="test.HelloWorld" name="test_hello" time="0.000"></testcase></testsuite>